<?xml version="1.0" encoding="UTF-8"?>
<!-- Generated by org.testng.reporters.JUnitReportReporter -->
<testsuite skipped="0" hostname="AWLIN-DT-11524" name="com.BFL.smoke.AccountBlock_UnBlock" tests="1" failures="0" timestamp="12 Mar 2020 10:04:23 GMT" time="84.092" errors="0">
  <testcase name="AccountBlock_UnBlock_Test" time="84.092" classname="com.BFL.smoke.AccountBlock_UnBlock"/>
</testsuite> <!-- com.BFL.smoke.AccountBlock_UnBlock -->
