<?xml version="1.0" encoding="UTF-8"?>
<!-- Generated by org.testng.reporters.JUnitReportReporter -->
<testsuite skipped="0" hostname="AWLIN-DT-11524" name="com.BFL.smoke.CardActivation" tests="1" failures="0" timestamp="03 Apr 2020 12:34:27 GMT" time="81.592" errors="0">
  <testcase name="CardBlock_UnBlock_Test" time="81.592" classname="com.BFL.smoke.CardActivation"/>
</testsuite> <!-- com.BFL.smoke.CardActivation -->
