<?xml version="1.0" encoding="UTF-8"?>
<!-- Generated by org.testng.reporters.JUnitReportReporter -->
<testsuite skipped="0" hostname="AWLIN-DT-11524" name="com.BFL.smoke.AvailableBalanceChange" tests="1" failures="0" timestamp="05 Mar 2020 04:38:38 GMT" time="66.264" errors="0">
  <testcase name="AvailableBalanceChange_Test" time="66.264" classname="com.BFL.smoke.AvailableBalanceChange"/>
</testsuite> <!-- com.BFL.smoke.AvailableBalanceChange -->
