<?xml version="1.0" encoding="UTF-8"?>
<!-- Generated by org.testng.reporters.JUnitReportReporter -->
<testsuite skipped="0" hostname="AWLIN-DT-11524" name="com.BFL.API_smoke.CustomerOnboarding" tests="1" failures="0" timestamp="05 Mar 2020 04:38:38 GMT" time="118.475" errors="0">
  <testcase name="CustomerOnboardingAPI_Test" time="118.475" classname="com.BFL.API_smoke.CustomerOnboarding"/>
</testsuite> <!-- com.BFL.API_smoke.CustomerOnboarding -->
