<?xml version="1.0" encoding="UTF-8"?>
<!-- Generated by org.testng.reporters.JUnitReportReporter -->
<testsuite skipped="0" hostname="AWLIN-DT-11524" name="com.BFL.smoke.TemporaryLimitChange" tests="1" failures="0" timestamp="05 Mar 2020 04:38:38 GMT" time="66.344" errors="0">
  <testcase name="TemporaryLimitChange_Test" time="66.344" classname="com.BFL.smoke.TemporaryLimitChange"/>
</testsuite> <!-- com.BFL.smoke.TemporaryLimitChange -->
