<?xml version="1.0" encoding="UTF-8"?>
<!-- Generated by org.testng.reporters.JUnitReportReporter -->
<testsuite skipped="0" hostname="AWLIN-DT-11524" name="com.BFL.API_smoke.MAUTH_Transaction" tests="1" failures="0" timestamp="05 Mar 2020 04:38:38 GMT" time="87.998" errors="0">
  <testcase name="MAUTH_Transaction_Test" time="87.998" classname="com.BFL.API_smoke.MAUTH_Transaction"/>
</testsuite> <!-- com.BFL.API_smoke.MAUTH_Transaction -->
