<?xml version="1.0" encoding="UTF-8"?>
<!-- Generated by org.testng.reporters.JUnitReportReporter -->
<testsuite skipped="0" hostname="AWLIN-DT-11524" name="com.BFL.smoke.Vip_NonVipChange_Account" tests="1" failures="0" timestamp="05 Mar 2020 04:38:38 GMT" time="133.697" errors="0">
  <testcase name="Vip_NonVipChange_Account_Test" time="133.697" classname="com.BFL.smoke.Vip_NonVipChange_Account"/>
</testsuite> <!-- com.BFL.smoke.Vip_NonVipChange_Account -->
