<?xml version="1.0" encoding="UTF-8"?>
<!-- Generated by org.testng.reporters.JUnitReportReporter -->
<testsuite skipped="0" hostname="AWLIN-DT-11524" name="com.BFL.smoke.CustomerLimitEnhancement" tests="1" failures="0" timestamp="05 Mar 2020 04:38:38 GMT" time="78.195" errors="0">
  <testcase name="CustomerLimitEnhancement_Test" time="78.195" classname="com.BFL.smoke.CustomerLimitEnhancement"/>
</testsuite> <!-- com.BFL.smoke.CustomerLimitEnhancement -->
