<?xml version="1.0" encoding="UTF-8"?>
<!-- Generated by org.testng.reporters.JUnitReportReporter -->
<testsuite skipped="0" hostname="AWLIN-DT-11524" name="com.BFL.smoke.PersonalDetailsChange_Checker" tests="1" failures="0" timestamp="05 Mar 2020 04:38:38 GMT" time="72.730" errors="0">
  <testcase name="PersonalDetailsChange_Checker_Test" time="72.730" classname="com.BFL.smoke.PersonalDetailsChange_Checker"/>
</testsuite> <!-- com.BFL.smoke.PersonalDetailsChange_Checker -->
