<?xml version="1.0" encoding="UTF-8"?>
<!-- Generated by org.testng.reporters.JUnitReportReporter -->
<testsuite skipped="0" hostname="AWLIN-DT-11524" name="com.BFL.smoke.Vip_NonVipChange_Customer" tests="1" failures="0" timestamp="27 Mar 2020 09:32:25 GMT" time="127.631" errors="0">
  <testcase name="Vip_NonVipChange_Customer_Test" time="127.631" classname="com.BFL.smoke.Vip_NonVipChange_Customer"/>
</testsuite> <!-- com.BFL.smoke.Vip_NonVipChange_Customer -->
