<?xml version="1.0" encoding="UTF-8"?>
<!-- Generated by org.testng.reporters.JUnitReportReporter -->
<testsuite skipped="0" hostname="AWLIN-DT-11524" name="com.AXIS.smoke.MerchantOnboarding" tests="1" failures="0" timestamp="09 Apr 2020 11:49:41 GMT" time="120.089" errors="0">
  <testcase name="MerchantOnboarding_Test" time="120.089" classname="com.AXIS.smoke.MerchantOnboarding"/>
</testsuite> <!-- com.AXIS.smoke.MerchantOnboarding -->
